<?xml version="1.0" encoding="UTF-8"?>
<!-- Generated by org.testng.reporters.JUnitReportReporter -->
<testsuite hostname="Ramanathans-MacBook-Pro-2.local" failures="0" tests="1" name="stepDefinition.runner" time="19.956" errors="1" timestamp="2025-03-08T17:25:47 PST" skipped="0">
  <testcase classname="stepDefinition.runner" name="runScenario" time="19.956">
    <error message="element click intercepted: Element &lt;span translate=&quot;no&quot; class=&quot;zF&quot; email=&quot;info@....com&quot; name=&quot;naukri&quot; data-hovercard-id=&quot;info@naukri.com&quot;&gt;naukri&lt;/span&gt; is not clickable at point (21, 8). Other element would receive the click: &lt;div class=&quot;gb_xd gb_sd gb_ud&quot; style=&quot;min-width: 238px;&quot;&gt;...&lt;/div&gt;
  (Session info: chrome=134.0.6998.44)
Build info: version: &#039;4.27.0&#039;, revision: &#039;d6e718d134&#039;
System info: os.name: &#039;Mac OS X&#039;, os.arch: &#039;x86_64&#039;, os.version: &#039;15.3.1&#039;, java.version: &#039;21.0.5&#039;
Driver info: org.openqa.selenium.chrome.ChromeDriver
Command: [ce95e9389ac2049acfc8e759c1243b75, clickElement {id=f.7DB0F216E66DB9DC1C918486B261FB2C.d.652D7FBCC8ABC53A10E8FAA20AD81EAC.e.56}]
Capabilities {acceptInsecureCerts: false, browserName: chrome, browserVersion: 134.0.6998.44, chrome: {chromedriverVersion: 134.0.6998.35 (ea6ef4c2ac15..., userDataDir: /var/folders/fw/1b5n5xwd40v...}, fedcm:accounts: true, goog:chromeOptions: {debuggerAddress: localhost:57541}, networkConnectionEnabled: false, pageLoadStrategy: normal, platformName: mac, proxy: Proxy(), se:cdp: ws://localhost:57541/devtoo..., se:cdpVersion: 134.0.6998.44, setWindowRect: true, strictFileInteractability: false, timeouts: {implicit: 0, pageLoad: 300000, script: 30000}, unhandledPromptBehavior: dismiss and notify, webauthn:extension:credBlob: true, webauthn:extension:largeBlob: true, webauthn:extension:minPinLength: true, webauthn:extension:prf: true, webauthn:virtualAuthenticators: true}
Element: [[ChromeDriver: chrome on mac (ce95e9389ac2049acfc8e759c1243b75)] -&gt; xpath: (//tbody/tr/td[4]//span[1])[4]]
Session ID: ce95e9389ac2049acfc8e759c1243b75" type="org.openqa.selenium.ElementClickInterceptedException">
      <![CDATA[org.openqa.selenium.ElementClickInterceptedException: element click intercepted: Element <span translate="no" class="zF" email="info@....com" name="naukri" data-hovercard-id="info@naukri.com">naukri</span> is not clickable at point (21, 8). Other element would receive the click: <div class="gb_xd gb_sd gb_ud" style="min-width: 238px;">...</div>
  (Session info: chrome=134.0.6998.44)
Build info: version: '4.27.0', revision: 'd6e718d134'
System info: os.name: 'Mac OS X', os.arch: 'x86_64', os.version: '15.3.1', java.version: '21.0.5'
Driver info: org.openqa.selenium.chrome.ChromeDriver
Command: [ce95e9389ac2049acfc8e759c1243b75, clickElement {id=f.7DB0F216E66DB9DC1C918486B261FB2C.d.652D7FBCC8ABC53A10E8FAA20AD81EAC.e.56}]
Capabilities {acceptInsecureCerts: false, browserName: chrome, browserVersion: 134.0.6998.44, chrome: {chromedriverVersion: 134.0.6998.35 (ea6ef4c2ac15..., userDataDir: /var/folders/fw/1b5n5xwd40v...}, fedcm:accounts: true, goog:chromeOptions: {debuggerAddress: localhost:57541}, networkConnectionEnabled: false, pageLoadStrategy: normal, platformName: mac, proxy: Proxy(), se:cdp: ws://localhost:57541/devtoo..., se:cdpVersion: 134.0.6998.44, setWindowRect: true, strictFileInteractability: false, timeouts: {implicit: 0, pageLoad: 300000, script: 30000}, unhandledPromptBehavior: dismiss and notify, webauthn:extension:credBlob: true, webauthn:extension:largeBlob: true, webauthn:extension:minPinLength: true, webauthn:extension:prf: true, webauthn:virtualAuthenticators: true}
Element: [[ChromeDriver: chrome on mac (ce95e9389ac2049acfc8e759c1243b75)] -> xpath: (//tbody/tr/td[4]//span[1])[4]]
Session ID: ce95e9389ac2049acfc8e759c1243b75
at java.base/jdk.internal.reflect.DirectConstructorHandleAccessor.newInstance(DirectConstructorHandleAccessor.java:62)
at java.base/java.lang.reflect.Constructor.newInstanceWithCaller(Constructor.java:502)
at java.base/java.lang.reflect.Constructor.newInstance(Constructor.java:486)
at org.openqa.selenium.remote.ErrorCodec.decode(ErrorCodec.java:167)
at org.openqa.selenium.remote.codec.w3c.W3CHttpResponseCodec.decode(W3CHttpResponseCodec.java:138)
at org.openqa.selenium.remote.codec.w3c.W3CHttpResponseCodec.decode(W3CHttpResponseCodec.java:50)
at org.openqa.selenium.remote.HttpCommandExecutor.execute(HttpCommandExecutor.java:190)
at org.openqa.selenium.remote.service.DriverCommandExecutor.invokeExecute(DriverCommandExecutor.java:216)
at org.openqa.selenium.remote.service.DriverCommandExecutor.execute(DriverCommandExecutor.java:174)
at org.openqa.selenium.remote.RemoteWebDriver.execute(RemoteWebDriver.java:545)
at org.openqa.selenium.remote.RemoteWebElement.execute(RemoteWebElement.java:223)
at org.openqa.selenium.remote.RemoteWebElement.click(RemoteWebElement.java:76)
at java.base/jdk.internal.reflect.DirectMethodHandleAccessor.invoke(DirectMethodHandleAccessor.java:103)
at java.base/java.lang.reflect.Method.invoke(Method.java:580)
at org.openqa.selenium.support.pagefactory.internal.LocatingElementHandler.invoke(LocatingElementHandler.java:51)
at jdk.proxy2/jdk.proxy2.$Proxy25.click(Unknown Source)
at meenakshi_Automation.GmailLandingPage.getOtp(GmailLandingPage.java:92)
at stepDefinition.Login_stepDefinition.i_log_in_to_gmail_and_retrieve_the_otp(Login_stepDefinition.java:54)
at âœ½.I log in to Gmail and enter username2 "a98070294@gmail.com" and password2 "Annam#1990"(file:///Users/ramumeena/eclipse-workspace/CucumberFramework_Automation/src/test/java/resources/Login_stepDefinition.feature:7)
]]>
    </error>
  </testcase> <!-- runScenario -->
</testsuite> <!-- stepDefinition.runner -->
